{"/Users/chetan/LavuTech/Assigns/ZellerTest/App.tsx": {"path":"/Users/chetan/LavuTech/Assigns/ZellerTest/App.tsx","statementMap":{"0":{"start":{"line":17,"column":21},"end":{"line":17,"column":48}},"1":{"start":{"line":19,"column":26},"end":{"line":22,"column":3}},"2":{"start":{"line":24,"column":2},"end":{"line":34,"column":4}}},"fnMap":{"0":{"name":"App","decl":{"start":{"line":16,"column":9},"end":{"line":16,"column":12}},"loc":{"start":{"line":16,"column":28},"end":{"line":35,"column":1}},"line":16}},"branchMap":{"0":{"loc":{"start":{"line":20,"column":21},"end":{"line":20,"column":62}},"type":"cond-expr","locations":[{"start":{"line":20,"column":34},"end":{"line":20,"column":47}},{"start":{"line":20,"column":50},"end":{"line":20,"column":62}}],"line":20},"1":{"loc":{"start":{"line":27,"column":18},"end":{"line":27,"column":63}},"type":"cond-expr","locations":[{"start":{"line":27,"column":31},"end":{"line":27,"column":46}},{"start":{"line":27,"column":49},"end":{"line":27,"column":63}}],"line":27}},"s":{"0":1,"1":1,"2":1},"f":{"0":1},"b":{"0":[0,1],"1":[0,1]},"_coverageSchema":"1a1c01bbd47fc00a2c39e90264f33305004495a9","hash":"981b4cb75b9217e5ffc8326ffe596d177b364c37"}
,"/Users/chetan/LavuTech/Assigns/ZellerTest/src/components/separator/index.tsx": {"path":"/Users/chetan/LavuTech/Assigns/ZellerTest/src/components/separator/index.tsx","statementMap":{"0":{"start":{"line":7,"column":35},"end":{"line":9,"column":1}},"1":{"start":{"line":8,"column":2},"end":{"line":8,"column":43}},"2":{"start":{"line":11,"column":15},"end":{"line":18,"column":2}}},"fnMap":{"0":{"name":"(anonymous_0)","decl":{"start":{"line":7,"column":35},"end":{"line":7,"column":36}},"loc":{"start":{"line":7,"column":41},"end":{"line":9,"column":1}},"line":7}},"branchMap":{},"s":{"0":3,"1":4,"2":3},"f":{"0":4},"b":{},"_coverageSchema":"1a1c01bbd47fc00a2c39e90264f33305004495a9","hash":"ffcd4a777bedd0ac21dcef0cd373fab06070a9a0"}
,"/Users/chetan/LavuTech/Assigns/ZellerTest/src/components/userType/index.tsx": {"path":"/Users/chetan/LavuTech/Assigns/ZellerTest/src/components/userType/index.tsx","statementMap":{"0":{"start":{"line":11,"column":34},"end":{"line":28,"column":1}},"1":{"start":{"line":12,"column":26},"end":{"line":12,"column":68}},"2":{"start":{"line":13,"column":2},"end":{"line":27,"column":4}},"3":{"start":{"line":16,"column":21},"end":{"line":16,"column":38}},"4":{"start":{"line":30,"column":15},"end":{"line":58,"column":2}}},"fnMap":{"0":{"name":"(anonymous_0)","decl":{"start":{"line":11,"column":34},"end":{"line":11,"column":35}},"loc":{"start":{"line":11,"column":69},"end":{"line":28,"column":1}},"line":11},"1":{"name":"(anonymous_1)","decl":{"start":{"line":16,"column":15},"end":{"line":16,"column":16}},"loc":{"start":{"line":16,"column":21},"end":{"line":16,"column":38}},"line":16}},"branchMap":{"0":{"loc":{"start":{"line":12,"column":26},"end":{"line":12,"column":68}},"type":"cond-expr","locations":[{"start":{"line":12,"column":37},"end":{"line":12,"column":52}},{"start":{"line":12,"column":55},"end":{"line":12,"column":68}}],"line":12},"1":{"loc":{"start":{"line":21,"column":24},"end":{"line":21,"column":66}},"type":"cond-expr","locations":[{"start":{"line":21,"column":35},"end":{"line":21,"column":48}},{"start":{"line":21,"column":51},"end":{"line":21,"column":66}}],"line":21},"2":{"loc":{"start":{"line":23,"column":9},"end":{"line":23,"column":56}},"type":"binary-expr","locations":[{"start":{"line":23,"column":9},"end":{"line":23,"column":17}},{"start":{"line":23,"column":21},"end":{"line":23,"column":56}}],"line":23}},"s":{"0":3,"1":5,"2":5,"3":1,"4":3},"f":{"0":5,"1":1},"b":{"0":[2,3],"1":[2,3],"2":[5,2]},"_coverageSchema":"1a1c01bbd47fc00a2c39e90264f33305004495a9","hash":"4f52be202e358df6c619b7e1f2897472b3e09b21"}
,"/Users/chetan/LavuTech/Assigns/ZellerTest/src/components/userView/index.tsx": {"path":"/Users/chetan/LavuTech/Assigns/ZellerTest/src/components/userView/index.tsx","statementMap":{"0":{"start":{"line":10,"column":34},"end":{"line":24,"column":1}},"1":{"start":{"line":11,"column":2},"end":{"line":23,"column":4}},"2":{"start":{"line":26,"column":15},"end":{"line":64,"column":2}}},"fnMap":{"0":{"name":"(anonymous_0)","decl":{"start":{"line":10,"column":34},"end":{"line":10,"column":35}},"loc":{"start":{"line":10,"column":46},"end":{"line":24,"column":1}},"line":10}},"branchMap":{},"s":{"0":3,"1":1,"2":3},"f":{"0":1},"b":{},"_coverageSchema":"1a1c01bbd47fc00a2c39e90264f33305004495a9","hash":"6486897297bed9895b124f200078c99699172c5b"}
,"/Users/chetan/LavuTech/Assigns/ZellerTest/src/config/aws-config.ts": {"path":"/Users/chetan/LavuTech/Assigns/ZellerTest/src/config/aws-config.ts","statementMap":{"0":{"start":{"line":1,"column":18},"end":{"line":7,"column":1}}},"fnMap":{},"branchMap":{},"s":{"0":2},"f":{},"b":{},"_coverageSchema":"1a1c01bbd47fc00a2c39e90264f33305004495a9","hash":"2e75de24ab627bc65728d953868379e686710149"}
,"/Users/chetan/LavuTech/Assigns/ZellerTest/src/feature/home/index.tsx": {"path":"/Users/chetan/LavuTech/Assigns/ZellerTest/src/feature/home/index.tsx","statementMap":{"0":{"start":{"line":10,"column":14},"end":{"line":10,"column":34}},"1":{"start":{"line":14,"column":30},"end":{"line":59,"column":1}},"2":{"start":{"line":15,"column":42},"end":{"line":15,"column":73}},"3":{"start":{"line":16,"column":16},"end":{"line":16,"column":78}},"4":{"start":{"line":16,"column":50},"end":{"line":16,"column":77}},"5":{"start":{"line":17,"column":19},"end":{"line":17,"column":32}},"6":{"start":{"line":18,"column":2},"end":{"line":20,"column":5}},"7":{"start":{"line":19,"column":4},"end":{"line":19,"column":37}},"8":{"start":{"line":22,"column":25},"end":{"line":30,"column":3}},"9":{"start":{"line":23,"column":4},"end":{"line":29,"column":6}},"10":{"start":{"line":27,"column":28},"end":{"line":27,"column":49}},"11":{"start":{"line":32,"column":25},"end":{"line":34,"column":3}},"12":{"start":{"line":33,"column":4},"end":{"line":33,"column":36}},"13":{"start":{"line":36,"column":2},"end":{"line":58,"column":4}},"14":{"start":{"line":42,"column":29},"end":{"line":42,"column":32}},"15":{"start":{"line":52,"column":29},"end":{"line":52,"column":46}},"16":{"start":{"line":61,"column":15},"end":{"line":72,"column":2}}},"fnMap":{"0":{"name":"(anonymous_0)","decl":{"start":{"line":14,"column":30},"end":{"line":14,"column":31}},"loc":{"start":{"line":14,"column":38},"end":{"line":59,"column":1}},"line":14},"1":{"name":"(anonymous_1)","decl":{"start":{"line":16,"column":28},"end":{"line":16,"column":29}},"loc":{"start":{"line":16,"column":50},"end":{"line":16,"column":77}},"line":16},"2":{"name":"(anonymous_2)","decl":{"start":{"line":18,"column":18},"end":{"line":18,"column":19}},"loc":{"start":{"line":18,"column":24},"end":{"line":20,"column":3}},"line":18},"3":{"name":"(anonymous_3)","decl":{"start":{"line":22,"column":25},"end":{"line":22,"column":26}},"loc":{"start":{"line":22,"column":53},"end":{"line":30,"column":3}},"line":22},"4":{"name":"(anonymous_4)","decl":{"start":{"line":27,"column":20},"end":{"line":27,"column":21}},"loc":{"start":{"line":27,"column":28},"end":{"line":27,"column":49}},"line":27},"5":{"name":"(anonymous_5)","decl":{"start":{"line":32,"column":25},"end":{"line":32,"column":26}},"loc":{"start":{"line":32,"column":61},"end":{"line":34,"column":3}},"line":32},"6":{"name":"(anonymous_6)","decl":{"start":{"line":42,"column":22},"end":{"line":42,"column":23}},"loc":{"start":{"line":42,"column":29},"end":{"line":42,"column":32}},"line":42},"7":{"name":"(anonymous_7)","decl":{"start":{"line":52,"column":22},"end":{"line":52,"column":23}},"loc":{"start":{"line":52,"column":29},"end":{"line":52,"column":46}},"line":52}},"branchMap":{},"s":{"0":2,"1":2,"2":2,"3":2,"4":2,"5":2,"6":2,"7":2,"8":2,"9":3,"10":1,"11":2,"12":1,"13":2,"14":3,"15":1,"16":2},"f":{"0":2,"1":2,"2":2,"3":3,"4":1,"5":1,"6":3,"7":1},"b":{},"_coverageSchema":"1a1c01bbd47fc00a2c39e90264f33305004495a9","hash":"12b3e2ebf63504f14285a7af6bc34ca0250d7de2"}
,"/Users/chetan/LavuTech/Assigns/ZellerTest/src/feature/home/redux/slice.ts": {"path":"/Users/chetan/LavuTech/Assigns/ZellerTest/src/feature/home/redux/slice.ts","statementMap":{"0":{"start":{"line":19,"column":39},"end":{"line":19,"column":41}},"1":{"start":{"line":21,"column":18},"end":{"line":30,"column":2}},"2":{"start":{"line":27,"column":6},"end":{"line":27,"column":39}},"3":{"start":{"line":32,"column":36},"end":{"line":32,"column":53}}},"fnMap":{"0":{"name":"(anonymous_0)","decl":{"start":{"line":25,"column":4},"end":{"line":25,"column":5}},"loc":{"start":{"line":25,"column":30},"end":{"line":25,"column":32}},"line":25},"1":{"name":"(anonymous_1)","decl":{"start":{"line":26,"column":4},"end":{"line":26,"column":5}},"loc":{"start":{"line":26,"column":28},"end":{"line":28,"column":5}},"line":26}},"branchMap":{},"s":{"0":4,"1":4,"2":1,"3":4},"f":{"0":1,"1":1},"b":{},"_coverageSchema":"1a1c01bbd47fc00a2c39e90264f33305004495a9","hash":"6ef4c4e67f90147fa1cd40ef613f2e23cbec9dab"}
,"/Users/chetan/LavuTech/Assigns/ZellerTest/src/feature/home/redux/userSaga.ts": {"path":"/Users/chetan/LavuTech/Assigns/ZellerTest/src/feature/home/redux/userSaga.ts","statementMap":{"0":{"start":{"line":6,"column":2},"end":{"line":11,"column":3}},"1":{"start":{"line":7,"column":26},"end":{"line":7,"column":65}},"2":{"start":{"line":8,"column":4},"end":{"line":8,"column":34}},"3":{"start":{"line":10,"column":4},"end":{"line":10,"column":23}},"4":{"start":{"line":15,"column":2},"end":{"line":15,"column":50}}},"fnMap":{"0":{"name":"fetchUsersSaga","decl":{"start":{"line":5,"column":17},"end":{"line":5,"column":31}},"loc":{"start":{"line":5,"column":61},"end":{"line":12,"column":1}},"line":5},"1":{"name":"userSaga","decl":{"start":{"line":14,"column":10},"end":{"line":14,"column":18}},"loc":{"start":{"line":14,"column":21},"end":{"line":16,"column":1}},"line":14}},"branchMap":{},"s":{"0":2,"1":2,"2":1,"3":1,"4":1},"f":{"0":2,"1":1},"b":{},"_coverageSchema":"1a1c01bbd47fc00a2c39e90264f33305004495a9","hash":"ac5ed520e1f20359b1dbde71e6648a4c7512a039"}
,"/Users/chetan/LavuTech/Assigns/ZellerTest/src/services/userService.ts": {"path":"/Users/chetan/LavuTech/Assigns/ZellerTest/src/services/userService.ts","statementMap":{"0":{"start":{"line":4,"column":30},"end":{"line":20,"column":1}},"1":{"start":{"line":21,"column":27},"end":{"line":33,"column":1}},"2":{"start":{"line":22,"column":17},"end":{"line":31,"column":4}},"3":{"start":{"line":32,"column":2},"end":{"line":32,"column":34}}},"fnMap":{"0":{"name":"(anonymous_0)","decl":{"start":{"line":21,"column":27},"end":{"line":21,"column":28}},"loc":{"start":{"line":21,"column":65},"end":{"line":33,"column":1}},"line":21}},"branchMap":{},"s":{"0":3,"1":3,"2":1,"3":1},"f":{"0":1},"b":{},"_coverageSchema":"1a1c01bbd47fc00a2c39e90264f33305004495a9","hash":"098ac5e3dc905843dbc708d65b6e5cf5f4d90993"}
,"/Users/chetan/LavuTech/Assigns/ZellerTest/src/services/client/index.ts": {"path":"/Users/chetan/LavuTech/Assigns/ZellerTest/src/services/client/index.ts","statementMap":{"0":{"start":{"line":4,"column":17},"end":{"line":9,"column":2}},"1":{"start":{"line":11,"column":15},"end":{"line":14,"column":2}}},"fnMap":{},"branchMap":{},"s":{"0":2,"1":2},"f":{},"b":{},"_coverageSchema":"1a1c01bbd47fc00a2c39e90264f33305004495a9","hash":"6d1c637a5f67a87fb44b52f1cfb8848cd82b18c1"}
,"/Users/chetan/LavuTech/Assigns/ZellerTest/src/store/index.ts": {"path":"/Users/chetan/LavuTech/Assigns/ZellerTest/src/store/index.ts","statementMap":{"0":{"start":{"line":6,"column":23},"end":{"line":6,"column":45}},"1":{"start":{"line":8,"column":19},"end":{"line":8,"column":35}},"2":{"start":{"line":10,"column":14},"end":{"line":13,"column":2}},"3":{"start":{"line":15,"column":0},"end":{"line":15,"column":29}}},"fnMap":{},"branchMap":{},"s":{"0":1,"1":1,"2":1,"3":1},"f":{},"b":{},"_coverageSchema":"1a1c01bbd47fc00a2c39e90264f33305004495a9","hash":"32420d1c90ae3800cc4ab90f19270df2fcce2b31"}
,"/Users/chetan/LavuTech/Assigns/ZellerTest/src/store/reducers.ts": {"path":"/Users/chetan/LavuTech/Assigns/ZellerTest/src/store/reducers.ts","statementMap":{},"fnMap":{},"branchMap":{},"s":{},"f":{},"b":{},"_coverageSchema":"1a1c01bbd47fc00a2c39e90264f33305004495a9","hash":"b4f8a7988b24c3ba94fda2d8eb0f8f06074441de"}
,"/Users/chetan/LavuTech/Assigns/ZellerTest/src/store/sagas.ts": {"path":"/Users/chetan/LavuTech/Assigns/ZellerTest/src/store/sagas.ts","statementMap":{"0":{"start":{"line":5,"column":2},"end":{"line":5,"column":26}}},"fnMap":{"0":{"name":"rootSaga","decl":{"start":{"line":4,"column":10},"end":{"line":4,"column":18}},"loc":{"start":{"line":4,"column":21},"end":{"line":6,"column":1}},"line":4}},"branchMap":{},"s":{"0":1},"f":{"0":1},"b":{},"_coverageSchema":"1a1c01bbd47fc00a2c39e90264f33305004495a9","hash":"c047b1113b20af27f4639b6bfe36f5b9fb8f4579"}
,"/Users/chetan/LavuTech/Assigns/ZellerTest/src/utils/colors.ts": {"path":"/Users/chetan/LavuTech/Assigns/ZellerTest/src/utils/colors.ts","statementMap":{"0":{"start":{"line":1,"column":22},"end":{"line":1,"column":39}},"1":{"start":{"line":2,"column":24},"end":{"line":2,"column":42}}},"fnMap":{},"branchMap":{},"s":{"0":5,"1":5},"f":{},"b":{},"_coverageSchema":"1a1c01bbd47fc00a2c39e90264f33305004495a9","hash":"4150f8ee5972a1a9f659cadc3cbcec33eef7a7a0"}
}
