TN:
SF:App.tsx
FN:16,App
FNF:1
FNH:1
FNDA:1,App
DA:17,1
DA:19,1
DA:24,1
LF:3
LH:3
BRDA:20,0,0,0
BRDA:20,0,1,1
BRDA:27,1,0,0
BRDA:27,1,1,1
BRF:4
BRH:2
end_of_record
TN:
SF:src/components/separator/index.tsx
FN:7,(anonymous_0)
FNF:1
FNH:1
FNDA:4,(anonymous_0)
DA:7,3
DA:8,4
DA:11,3
LF:3
LH:3
BRF:0
BRH:0
end_of_record
TN:
SF:src/components/userType/index.tsx
FN:11,(anonymous_0)
FN:16,(anonymous_1)
FNF:2
FNH:2
FNDA:5,(anonymous_0)
FNDA:1,(anonymous_1)
DA:11,3
DA:12,5
DA:13,5
DA:16,1
DA:30,3
LF:5
LH:5
BRDA:12,0,0,2
BRDA:12,0,1,3
BRDA:21,1,0,2
BRDA:21,1,1,3
BRDA:23,2,0,5
BRDA:23,2,1,2
BRF:6
BRH:6
end_of_record
TN:
SF:src/components/userView/index.tsx
FN:10,(anonymous_0)
FNF:1
FNH:1
FNDA:1,(anonymous_0)
DA:10,3
DA:11,1
DA:26,3
LF:3
LH:3
BRF:0
BRH:0
end_of_record
TN:
SF:src/config/aws-config.ts
FNF:0
FNH:0
DA:1,2
LF:1
LH:1
BRF:0
BRH:0
end_of_record
TN:
SF:src/feature/home/index.tsx
FN:14,(anonymous_0)
FN:16,(anonymous_1)
FN:18,(anonymous_2)
FN:22,(anonymous_3)
FN:27,(anonymous_4)
FN:32,(anonymous_5)
FN:42,(anonymous_6)
FN:52,(anonymous_7)
FNF:8
FNH:8
FNDA:2,(anonymous_0)
FNDA:2,(anonymous_1)
FNDA:2,(anonymous_2)
FNDA:3,(anonymous_3)
FNDA:1,(anonymous_4)
FNDA:1,(anonymous_5)
FNDA:3,(anonymous_6)
FNDA:1,(anonymous_7)
DA:10,2
DA:14,2
DA:15,2
DA:16,2
DA:17,2
DA:18,2
DA:19,2
DA:22,2
DA:23,3
DA:27,1
DA:32,2
DA:33,1
DA:36,2
DA:42,3
DA:52,1
DA:61,2
LF:16
LH:16
BRF:0
BRH:0
end_of_record
TN:
SF:src/feature/home/redux/slice.ts
FN:25,(anonymous_0)
FN:26,(anonymous_1)
FNF:2
FNH:2
FNDA:1,(anonymous_0)
FNDA:1,(anonymous_1)
DA:19,4
DA:21,4
DA:27,1
DA:32,4
LF:4
LH:4
BRF:0
BRH:0
end_of_record
TN:
SF:src/feature/home/redux/userSaga.ts
FN:5,fetchUsersSaga
FN:14,userSaga
FNF:2
FNH:2
FNDA:2,fetchUsersSaga
FNDA:1,userSaga
DA:6,2
DA:7,2
DA:8,1
DA:10,1
DA:15,1
LF:5
LH:5
BRF:0
BRH:0
end_of_record
TN:
SF:src/services/userService.ts
FN:21,(anonymous_0)
FNF:1
FNH:1
FNDA:1,(anonymous_0)
DA:4,3
DA:21,3
DA:22,1
DA:32,1
LF:4
LH:4
BRF:0
BRH:0
end_of_record
TN:
SF:src/services/client/index.ts
FNF:0
FNH:0
DA:4,2
DA:11,2
LF:2
LH:2
BRF:0
BRH:0
end_of_record
TN:
SF:src/store/index.ts
FNF:0
FNH:0
DA:6,1
DA:8,1
DA:10,1
DA:15,1
LF:4
LH:4
BRF:0
BRH:0
end_of_record
TN:
SF:src/store/reducers.ts
FNF:0
FNH:0
LF:0
LH:0
BRF:0
BRH:0
end_of_record
TN:
SF:src/store/sagas.ts
FN:4,rootSaga
FNF:1
FNH:1
FNDA:1,rootSaga
DA:5,1
LF:1
LH:1
BRF:0
BRH:0
end_of_record
TN:
SF:src/utils/colors.ts
FNF:0
FNH:0
DA:1,5
DA:2,5
LF:2
LH:2
BRF:0
BRH:0
end_of_record
